INT_TYPE(int) [1:1-3]
ID(x) [1:5-5]
ASSIGN(=) [1:7-7]
INT(10) [1:9-10]
NEWLINE [1:10-10]
INT_TYPE(int) [2:1-3]
ID(y) [2:5-5]
ASSIGN(=) [2:7-7]
INT(5) [2:9-9]
NEWLINE [2:9-9]
BOOL_TYPE(bool) [3:1-4]
ID(activo) [3:6-11]
ASSIGN(=) [3:13-13]
BOOL(true) [3:15-18]
NEWLINE [3:18-18]
IF(if) [5:1-2]
ID(x) [5:4-4]
GT(>) [5:6-6]
ID(y) [5:8-8]
AND(and) [5:10-12]
ID(activo) [5:14-19]
COLON(:) [5:20-20]
NEWLINE [5:21-21]
INDENT [6:1-4]
WRITE(Write) [6:5-9]
LPAREN(() [6:10-10]
STRING(ok) [6:11-14]
RPAREN()) [6:15-15]
NEWLINE [6:16-16]
DEDENT [7:1-0]
ELIF(elif) [7:1-4]
NOT(not) [7:6-8]
ID(activo) [7:10-15]
COLON(:) [7:16-16]
NEWLINE [7:17-17]
INDENT [8:1-4]
WRITE(Write) [8:5-9]
LPAREN(() [8:10-10]
STRING(apagado) [8:11-19]
RPAREN()) [8:20-20]
NEWLINE [8:21-21]
DEDENT [9:1-0]
ELSE(else) [9:1-4]
COLON(:) [9:5-5]
NEWLINE [9:6-6]
INDENT [10:1-4]
WRITE(Write) [10:5-9]
LPAREN(() [10:10-10]
STRING(otro) [10:11-16]
RPAREN()) [10:17-17]
NEWLINE [10:18-18]
DEDENT [10:1-1]
EOF [10:1-1]
Resumen: Total=53 | KEYWORDS=11 | ID=7 | INT=2 | FLOAT=0 | STRING=3 | BOOL=1 | OPERATORS=4 | SYMBOLS=9 | INDENT=3 | DEDENT=3 | NEWLINE=9 | EOF=1 | ERRORES=0
