WRITE(Write) [10:1-5]
LPAREN(() [10:6-6]
STRING(Hola Mundo) [10:7-18]
RPAREN()) [10:19-19]
SEMICOLON(;) [10:20-20]
NEWLINE [10:21-21]
INT_TYPE(int) [13:1-3]
ID(a) [13:5-5]
COMMA(,) [13:6-6]
ID(b) [13:8-8]
COMMA(,) [13:9-9]
ID(result) [13:11-16]
SEMICOLON(;) [13:17-17]
NEWLINE [13:18-18]
ID(a) [14:1-1]
ASSIGN(=) [14:3-3]
INT(10) [14:5-6]
SEMICOLON(;) [14:7-7]
NEWLINE [14:8-8]
ID(b) [15:1-1]
ASSIGN(=) [15:3-3]
INT(5) [15:5-5]
SEMICOLON(;) [15:6-6]
NEWLINE [15:7-7]
ID(result) [16:1-6]
ASSIGN(=) [16:8-8]
ID(a) [16:10-10]
PLUS(+) [16:12-12]
ID(b) [16:14-14]
MULT(*) [16:16-16]
INT(2) [16:18-18]
SEMICOLON(;) [16:19-19]
NEWLINE [16:20-20]
WRITE(Write) [17:1-5]
LPAREN(() [17:6-6]
ID(result) [17:7-12]
RPAREN()) [17:13-13]
SEMICOLON(;) [17:14-14]
NEWLINE [17:15-15]
INT_TYPE(int) [20:1-3]
ID(n) [20:5-5]
SEMICOLON(;) [20:6-6]
NEWLINE [20:7-7]
WRITE(Write) [21:1-5]
LPAREN(() [21:6-6]
STRING(Ingrese un número:) [21:7-26]
RPAREN()) [21:27-27]
SEMICOLON(;) [21:28-28]
NEWLINE [21:29-29]
READ(Read) [22:1-4]
LPAREN(() [22:5-5]
ID(n) [22:6-6]
RPAREN()) [22:7-7]
SEMICOLON(;) [22:8-8]
NEWLINE [22:9-9]
IF(if) [23:1-2]
ID(n) [23:4-4]
GT(>) [23:6-6]
INT(0) [23:8-8]
COLON(:) [23:9-9]
NEWLINE [23:10-10]
INDENT [24:1-4]
WRITE(Write) [24:5-9]
LPAREN(() [24:10-10]
STRING(Positivo) [24:11-20]
RPAREN()) [24:21-21]
SEMICOLON(;) [24:22-22]
NEWLINE [24:23-23]
DEDENT [25:1-0]
ELSE(else) [25:1-4]
COLON(:) [25:5-5]
NEWLINE [25:6-6]
INDENT [26:1-4]
WRITE(Write) [26:5-9]
LPAREN(() [26:10-10]
STRING(Cero o negativo) [26:11-27]
RPAREN()) [26:28-28]
SEMICOLON(;) [26:29-29]
NEWLINE [26:30-30]
DEDENT [29:1-0]
FUNC(func) [29:1-4]
INT_TYPE(int) [29:6-8]
ID(suma) [29:10-13]
LPAREN(() [29:14-14]
INT_TYPE(int) [29:15-17]
ID(x) [29:19-19]
COMMA(,) [29:20-20]
INT_TYPE(int) [29:22-24]
ID(y) [29:26-26]
RPAREN()) [29:27-27]
COLON(:) [29:28-28]
NEWLINE [29:29-29]
INDENT [30:1-4]
INT_TYPE(int) [30:5-7]
ID(r) [30:9-9]
SEMICOLON(;) [30:10-10]
NEWLINE [30:11-11]
ID(r) [31:5-5]
ASSIGN(=) [31:7-7]
ID(x) [31:9-9]
PLUS(+) [31:11-11]
ID(y) [31:13-13]
SEMICOLON(;) [31:14-14]
NEWLINE [31:15-15]
RETURN(return) [32:5-10]
ID(r) [32:12-12]
SEMICOLON(;) [32:13-13]
NEWLINE [32:14-14]
DEDENT [34:1-0]
INT_TYPE(int) [34:1-3]
ID(s) [34:5-5]
SEMICOLON(;) [34:6-6]
NEWLINE [34:7-7]
ID(s) [35:1-1]
ASSIGN(=) [35:3-3]
ID(suma) [35:5-8]
LPAREN(() [35:9-9]
INT(3) [35:10-10]
COMMA(,) [35:11-11]
INT(4) [35:13-13]
RPAREN()) [35:14-14]
SEMICOLON(;) [35:15-15]
NEWLINE [35:16-16]
WRITE(Write) [36:1-5]
LPAREN(() [36:6-6]
ID(s) [36:7-7]
RPAREN()) [36:8-8]
SEMICOLON(;) [36:9-9]
NEWLINE [36:10-10]
INT_TYPE(int) [39:1-3]
ID(count) [39:5-9]
SEMICOLON(;) [39:10-10]
NEWLINE [39:11-11]
ID(count) [40:1-5]
ASSIGN(=) [40:7-7]
INT(0) [40:9-9]
SEMICOLON(;) [40:10-10]
NEWLINE [40:11-11]
WHILE(while) [41:1-5]
ID(count) [41:7-11]
LT(<) [41:13-13]
INT(3) [41:15-15]
COLON(:) [41:16-16]
NEWLINE [41:17-17]
INDENT [42:1-4]
WRITE(Write) [42:5-9]
LPAREN(() [42:10-10]
ID(count) [42:11-15]
RPAREN()) [42:16-16]
SEMICOLON(;) [42:17-17]
NEWLINE [42:18-18]
ID(count) [43:5-9]
ASSIGN(=) [43:11-11]
ID(count) [43:13-17]
PLUS(+) [43:19-19]
INT(1) [43:21-21]
SEMICOLON(;) [43:22-22]
NEWLINE [43:23-23]
DEDENT [46:1-0]
FLOAT_TYPE(float) [46:1-5]
ID(pi) [46:7-8]
SEMICOLON(;) [46:9-9]
NEWLINE [46:10-10]
ID(pi) [47:1-2]
ASSIGN(=) [47:4-4]
FLOAT(3.1416) [47:6-11]
SEMICOLON(;) [47:12-12]
NEWLINE [47:13-13]
WRITE(Write) [48:1-5]
LPAREN(() [48:6-6]
ID(pi) [48:7-8]
RPAREN()) [48:9-9]
SEMICOLON(;) [48:10-10]
NEWLINE [48:11-11]
BOOL_TYPE(bool) [50:1-4]
ID(flag) [50:6-9]
SEMICOLON(;) [50:10-10]
NEWLINE [50:11-11]
ID(flag) [51:1-4]
ASSIGN(=) [51:6-6]
BOOL(true) [51:8-11]
SEMICOLON(;) [51:12-12]
NEWLINE [51:13-13]
IF(if) [52:1-2]
ID(flag) [52:4-7]
EQ(==) [52:9-10]
BOOL(true) [52:12-15]
COLON(:) [52:16-16]
NEWLINE [52:17-17]
INDENT [53:1-4]
WRITE(Write) [53:5-9]
LPAREN(() [53:10-10]
STRING(flag está en true) [53:11-29]
RPAREN()) [53:30-30]
SEMICOLON(;) [53:31-31]
NEWLINE [53:32-32]
DEDENT [53:1-1]
EOF [53:1-1]
Resumen: Total=198 | KEYWORDS=28 | ID=36 | INT=9 | FLOAT=1 | STRING=5 | OPERATORS=16 | SYMBOLS=60 | INDENT=5 | DEDENT=5 | NEWLINE=32 | EOF=1 | ERRORES=0
