INT_TYPE(int) [5:1-3]
ID(x) [5:5-5]
SEMICOLON(;) [5:6-6]
NEWLINE [5:7-7]
ID(x) [6:1-1]
ASSIGN(=) [6:3-3]
INT(10) [6:5-6]
SEMICOLON(;) [6:7-7]
NEWLINE [6:8-8]
ID(x) [9:1-1]
ASSIGN(=) [9:3-3]
ID(x) [9:5-5]
INT(2) [9:9-9]
SEMICOLON(;) [9:10-10]
NEWLINE [9:11-11]
WRITE(Write) [12:1-5]
LPAREN(() [12:6-6]
FLOAT_TYPE(float) [15:1-5]
ID(y) [15:7-7]
SEMICOLON(;) [15:8-8]
NEWLINE [15:9-9]
ID(y) [16:1-1]
ASSIGN(=) [16:3-3]
SEMICOLON(;) [16:10-10]
NEWLINE [16:11-11]
INT_TYPE(int) [19:1-3]
ID(thisIdentifierIsDefinitelyMoreT) [19:5-55]
SEMICOLON(;) [19:56-56]
NEWLINE [19:57-57]
ID(thisIdentifierIsDefinitelyMoreT) [20:1-51]
ASSIGN(=) [20:53-53]
INT(1) [20:55-55]
SEMICOLON(;) [20:56-56]
NEWLINE [20:57-57]
IF(if) [23:1-2]
ID(x) [23:4-4]
GT(>) [23:6-6]
INT(0) [23:8-8]
COLON(:) [23:9-9]
NEWLINE [23:10-10]
INDENT [24:1-16]
WRITE(Write) [24:17-21]
LPAREN(() [24:22-22]
STRING(ok) [24:23-26]
RPAREN()) [24:27-27]
SEMICOLON(;) [24:28-28]
NEWLINE [24:29-29]
DEDENT [25:1-8]
WRITE(Write) [25:9-13]
LPAREN(() [25:14-14]
STRING(bad indent) [25:15-26]
RPAREN()) [25:27-27]
SEMICOLON(;) [25:28-28]
NEWLINE [25:29-29]
WRITE(Write) [28:1-5]
LPAREN(() [28:6-6]
ID(x) [28:8-8]
RPAREN()) [28:9-9]
SEMICOLON(;) [28:10-10]
NEWLINE [28:11-11]
EOF [28:1-1]
Resumen: Total=61 | KEYWORDS=8 | ID=10 | INT=4 | FLOAT=0 | STRING=2 | BOOL=0 | OPERATORS=5 | SYMBOLS=18 | INDENT=1 | DEDENT=1 | NEWLINE=11 | EOF=1 | ERRORES=7
